<?xml version="1.0" encoding="UTF-8"?>
<!-- Generated by org.testng.reporters.JUnitReportReporter -->
<testsuite hostname="DESKTOP-RA1A7S2" failures="0" tests="1" name="amazon.com.AssignmentAmazon" time="51.124" errors="0" timestamp="2023-06-02T16:57:07 IST" skipped="0">
  <testcase classname="amazon.com.AssignmentAmazon" name="verifyLoginFunctionality" time="51.124"/>
  <system-out/>
</testsuite> <!-- amazon.com.AssignmentAmazon -->
